
state 0
	$accept: .any_command $end 

	SELECT  shift 15
	INSERT  shift 16
	UPDATE  shift 17
	DELETE  shift 19
	REPLACE  shift 18
	SET  shift 20
	CREATE  shift 21
	ALTER  shift 22
	DROP  shift 24
	RENAME  shift 23
	ANALYZE  shift 25
	SHOW  shift 26
	DESCRIBE  shift 27
	EXPLAIN  shift 28
	.  error

	any_command  goto 1
	command  goto 2
	select_statement  goto 3
	insert_statement  goto 4
	update_statement  goto 5
	replace_statement  goto 6
	delete_statement  goto 7
	set_statement  goto 8
	create_statement  goto 9
	alter_statement  goto 10
	rename_statement  goto 11
	drop_statement  goto 12
	analyze_statement  goto 13
	other_statement  goto 14

state 1
	$accept:  any_command.$end 

	$end  accept
	.  error


state 2
	any_command:  command.    (1)

	.  reduce 1 (src line 149)


state 3
	command:  select_statement.    (2)
	select_statement:  select_statement.union_op select_statement 

	UNION  shift 30
	MINUS  shift 31
	EXCEPT  shift 32
	INTERSECT  shift 33
	.  reduce 2 (src line 155)

	union_op  goto 29

state 4
	command:  insert_statement.    (3)

	.  reduce 3 (src line 160)


state 5
	command:  update_statement.    (4)

	.  reduce 4 (src line 161)


state 6
	command:  replace_statement.    (5)

	.  reduce 5 (src line 162)


state 7
	command:  delete_statement.    (6)

	.  reduce 6 (src line 163)


state 8
	command:  set_statement.    (7)

	.  reduce 7 (src line 164)


state 9
	command:  create_statement.    (8)

	.  reduce 8 (src line 165)


state 10
	command:  alter_statement.    (9)

	.  reduce 9 (src line 166)


state 11
	command:  rename_statement.    (10)

	.  reduce 10 (src line 167)


state 12
	command:  drop_statement.    (11)

	.  reduce 11 (src line 168)


state 13
	command:  analyze_statement.    (12)

	.  reduce 12 (src line 169)


state 14
	command:  other_statement.    (13)

	.  reduce 13 (src line 170)


state 15
	select_statement:  SELECT.comment_opt distinct_opt select_expression_list FROM table_expression_list where_expression_opt group_by_opt having_opt order_by_opt limit_opt lock_opt 
	$$36: .    (36)

	.  reduce 36 (src line 293)

	comment_opt  goto 34
	$$36  goto 35

state 16
	insert_statement:  INSERT.comment_opt INTO dml_table_expression column_list_opt row_list on_dup_opt 
	insert_statement:  INSERT.comment_opt INTO dml_table_expression SET update_list on_dup_opt 
	$$36: .    (36)

	.  reduce 36 (src line 293)

	comment_opt  goto 36
	$$36  goto 35

state 17
	update_statement:  UPDATE.comment_opt dml_table_expression SET update_list where_expression_opt order_by_opt limit_opt 
	$$36: .    (36)

	.  reduce 36 (src line 293)

	comment_opt  goto 37
	$$36  goto 35

state 18
	replace_statement:  REPLACE.comment_opt dml_table_expression SET update_list 
	$$36: .    (36)

	.  reduce 36 (src line 293)

	comment_opt  goto 38
	$$36  goto 35

state 19
	delete_statement:  DELETE.comment_opt FROM dml_table_expression where_expression_opt order_by_opt limit_opt 
	$$36: .    (36)

	.  reduce 36 (src line 293)

	comment_opt  goto 39
	$$36  goto 35

state 20
	set_statement:  SET.comment_opt update_list 
	$$36: .    (36)

	.  reduce 36 (src line 293)

	comment_opt  goto 40
	$$36  goto 35

state 21
	create_statement:  CREATE.TABLE not_exists_opt ID force_eof 
	create_statement:  CREATE.constraint_opt INDEX sql_id using_opt ON ID force_eof 
	create_statement:  CREATE.VIEW sql_id force_eof 
	constraint_opt: .    (199)

	TABLE  shift 41
	VIEW  shift 43
	UNIQUE  shift 44
	.  reduce 199 (src line 1023)

	constraint_opt  goto 42

state 22
	alter_statement:  ALTER.ignore_opt TABLE ID non_rename_operation force_eof 
	alter_statement:  ALTER.ignore_opt TABLE ID RENAME to_opt ID 
	alter_statement:  ALTER.VIEW sql_id force_eof 
	ignore_opt: .    (190)

	VIEW  shift 46
	IGNORE  shift 47
	.  reduce 190 (src line 1001)

	ignore_opt  goto 45

state 23
	rename_statement:  RENAME.TABLE ID TO ID 

	TABLE  shift 48
	.  error


state 24
	drop_statement:  DROP.TABLE exists_opt ID 
	drop_statement:  DROP.INDEX sql_id ON ID 
	drop_statement:  DROP.VIEW exists_opt sql_id force_eof 

	TABLE  shift 49
	INDEX  shift 50
	VIEW  shift 51
	.  error


state 25
	analyze_statement:  ANALYZE.TABLE ID 

	TABLE  shift 52
	.  error


state 26
	other_statement:  SHOW.force_eof 
	force_eof: .    (204)

	.  reduce 204 (src line 1039)

	force_eof  goto 53

state 27
	other_statement:  DESCRIBE.force_eof 
	force_eof: .    (204)

	.  reduce 204 (src line 1039)

	force_eof  goto 54

state 28
	other_statement:  EXPLAIN.force_eof 
	force_eof: .    (204)

	.  reduce 204 (src line 1039)

	force_eof  goto 55

state 29
	select_statement:  select_statement union_op.select_statement 

	SELECT  shift 15
	.  error

	select_statement  goto 56

state 30
	union_op:  UNION.    (40)
	union_op:  UNION.ALL 

	ALL  shift 57
	.  reduce 40 (src line 312)


state 31
	union_op:  MINUS.    (42)

	.  reduce 42 (src line 321)


state 32
	union_op:  EXCEPT.    (43)

	.  reduce 43 (src line 325)


state 33
	union_op:  INTERSECT.    (44)

	.  reduce 44 (src line 329)


state 34
	select_statement:  SELECT comment_opt.distinct_opt select_expression_list FROM table_expression_list where_expression_opt group_by_opt having_opt order_by_opt limit_opt lock_opt 
	distinct_opt: .    (45)

	DISTINCT  shift 59
	.  reduce 45 (src line 334)

	distinct_opt  goto 58

state 35
	comment_opt:  $$36.comment_list 
	comment_list: .    (38)

	.  reduce 38 (src line 303)

	comment_list  goto 60

state 36
	insert_statement:  INSERT comment_opt.INTO dml_table_expression column_list_opt row_list on_dup_opt 
	insert_statement:  INSERT comment_opt.INTO dml_table_expression SET update_list on_dup_opt 

	INTO  shift 61
	.  error


state 37
	update_statement:  UPDATE comment_opt.dml_table_expression SET update_list where_expression_opt order_by_opt limit_opt 

	ID  shift 63
	.  error

	dml_table_expression  goto 62

state 38
	replace_statement:  REPLACE comment_opt.dml_table_expression SET update_list 

	ID  shift 63
	.  error

	dml_table_expression  goto 64

state 39
	delete_statement:  DELETE comment_opt.FROM dml_table_expression where_expression_opt order_by_opt limit_opt 

	FROM  shift 65
	.  error


state 40
	set_statement:  SET comment_opt.update_list 

	ID  shift 70
	.  error

	column_name  goto 68
	update_list  goto 66
	update_expression  goto 67
	sql_id  goto 69

state 41
	create_statement:  CREATE TABLE.not_exists_opt ID force_eof 
	not_exists_opt: .    (188)

	IF  shift 72
	.  reduce 188 (src line 996)

	not_exists_opt  goto 71

state 42
	create_statement:  CREATE constraint_opt.INDEX sql_id using_opt ON ID force_eof 

	INDEX  shift 73
	.  error


state 43
	create_statement:  CREATE VIEW.sql_id force_eof 

	ID  shift 75
	.  error

	sql_id  goto 74

state 44
	constraint_opt:  UNIQUE.    (200)

	.  reduce 200 (src line 1025)


state 45
	alter_statement:  ALTER ignore_opt.TABLE ID non_rename_operation force_eof 
	alter_statement:  ALTER ignore_opt.TABLE ID RENAME to_opt ID 

	TABLE  shift 76
	.  error


state 46
	alter_statement:  ALTER VIEW.sql_id force_eof 

	ID  shift 75
	.  error

	sql_id  goto 77

state 47
	ignore_opt:  IGNORE.    (191)

	.  reduce 191 (src line 1003)


state 48
	rename_statement:  RENAME TABLE.ID TO ID 

	ID  shift 78
	.  error


state 49
	drop_statement:  DROP TABLE.exists_opt ID 
	exists_opt: .    (186)

	IF  shift 80
	.  reduce 186 (src line 991)

	exists_opt  goto 79

state 50
	drop_statement:  DROP INDEX.sql_id ON ID 

	ID  shift 75
	.  error

	sql_id  goto 81

state 51
	drop_statement:  DROP VIEW.exists_opt sql_id force_eof 
	exists_opt: .    (186)

	IF  shift 80
	.  reduce 186 (src line 991)

	exists_opt  goto 82

state 52
	analyze_statement:  ANALYZE TABLE.ID 

	ID  shift 83
	.  error


state 53
	other_statement:  SHOW force_eof.    (33)

	.  reduce 33 (src line 279)


state 54
	other_statement:  DESCRIBE force_eof.    (34)

	.  reduce 34 (src line 284)


state 55
	other_statement:  EXPLAIN force_eof.    (35)

	.  reduce 35 (src line 288)


state 56
	select_statement:  select_statement.union_op select_statement 
	select_statement:  select_statement union_op select_statement.    (15)

	.  reduce 15 (src line 177)

	union_op  goto 29

state 57
	union_op:  UNION ALL.    (41)

	.  reduce 41 (src line 317)


state 58
	select_statement:  SELECT comment_opt distinct_opt.select_expression_list FROM table_expression_list where_expression_opt group_by_opt having_opt order_by_opt limit_opt lock_opt 

	EXISTS  shift 101
	NULL  shift 106
	VALUES  shift 112
	KEYRANGE  shift 102
	ID  shift 88
	STRING  shift 103
	NUMBER  shift 104
	VALUE_ARG  shift 105
	'('  shift 93
	'~'  shift 110
	NOT  shift 92
	'+'  shift 108
	'-'  shift 109
	'*'  shift 86
	CASE  shift 113
	IF  shift 111
	.  error

	select_expression_list  goto 84
	select_expression  goto 85
	expression  goto 87
	boolean_expression  goto 89
	condition  goto 91
	value  goto 94
	value_expression  goto 90
	row_tuple  goto 96
	keyword_as_func  goto 99
	subquery  goto 107
	unary_operator  goto 97
	column_name  goto 95
	case_expression  goto 100
	sql_id  goto 98

state 59
	distinct_opt:  DISTINCT.    (46)

	.  reduce 46 (src line 338)


state 60
	comment_opt:  $$36 comment_list.    (37)
	comment_list:  comment_list.COMMENT 

	COMMENT  shift 114
	.  reduce 37 (src line 297)


state 61
	insert_statement:  INSERT comment_opt INTO.dml_table_expression column_list_opt row_list on_dup_opt 
	insert_statement:  INSERT comment_opt INTO.dml_table_expression SET update_list on_dup_opt 

	ID  shift 63
	.  error

	dml_table_expression  goto 115

state 62
	update_statement:  UPDATE comment_opt dml_table_expression.SET update_list where_expression_opt order_by_opt limit_opt 

	SET  shift 116
	.  error


state 63
	dml_table_expression:  ID.    (78)
	dml_table_expression:  ID.'.' ID 

	'.'  shift 117
	.  reduce 78 (src line 483)


state 64
	replace_statement:  REPLACE comment_opt dml_table_expression.SET update_list 

	SET  shift 118
	.  error


state 65
	delete_statement:  DELETE comment_opt FROM.dml_table_expression where_expression_opt order_by_opt limit_opt 

	ID  shift 63
	.  error

	dml_table_expression  goto 119

state 66
	set_statement:  SET comment_opt update_list.    (21)
	update_list:  update_list.',' update_expression 

	','  shift 120
	.  reduce 21 (src line 216)


state 67
	update_list:  update_expression.    (183)

	.  reduce 183 (src line 975)


state 68
	update_expression:  column_name.'=' value_expression 

	'='  shift 121
	.  error


state 69
	column_name:  sql_id.    (147)

	.  reduce 147 (src line 799)


state 70
	column_name:  ID.'.' sql_id 
	sql_id:  ID.    (203)

	'.'  shift 122
	.  reduce 203 (src line 1033)


state 71
	create_statement:  CREATE TABLE not_exists_opt.ID force_eof 

	ID  shift 123
	.  error


state 72
	not_exists_opt:  IF.NOT EXISTS 

	NOT  shift 124
	.  error


state 73
	create_statement:  CREATE constraint_opt INDEX.sql_id using_opt ON ID force_eof 

	ID  shift 75
	.  error

	sql_id  goto 125

state 74
	create_statement:  CREATE VIEW sql_id.force_eof 
	force_eof: .    (204)

	.  reduce 204 (src line 1039)

	force_eof  goto 126

state 75
	sql_id:  ID.    (203)

	.  reduce 203 (src line 1033)


state 76
	alter_statement:  ALTER ignore_opt TABLE.ID non_rename_operation force_eof 
	alter_statement:  ALTER ignore_opt TABLE.ID RENAME to_opt ID 

	ID  shift 127
	.  error


state 77
	alter_statement:  ALTER VIEW sql_id.force_eof 
	force_eof: .    (204)

	.  reduce 204 (src line 1039)

	force_eof  goto 128

state 78
	rename_statement:  RENAME TABLE ID.TO ID 

	TO  shift 129
	.  error


state 79
	drop_statement:  DROP TABLE exists_opt.ID 

	ID  shift 130
	.  error


state 80
	exists_opt:  IF.EXISTS 

	EXISTS  shift 131
	.  error


state 81
	drop_statement:  DROP INDEX sql_id.ON ID 

	ON  shift 132
	.  error


state 82
	drop_statement:  DROP VIEW exists_opt.sql_id force_eof 

	ID  shift 75
	.  error

	sql_id  goto 133

state 83
	analyze_statement:  ANALYZE TABLE ID.    (32)

	.  reduce 32 (src line 273)


state 84
	select_statement:  SELECT comment_opt distinct_opt select_expression_list.FROM table_expression_list where_expression_opt group_by_opt having_opt order_by_opt limit_opt lock_opt 
	select_expression_list:  select_expression_list.',' select_expression 

	FROM  shift 134
	','  shift 135
	.  error


state 85
	select_expression_list:  select_expression.    (47)

	.  reduce 47 (src line 343)


state 86
	select_expression:  '*'.    (49)

	.  reduce 49 (src line 353)


state 87
	select_expression:  expression.as_lower_opt 
	as_lower_opt: .    (54)

	AS  shift 138
	ID  shift 75
	.  reduce 54 (src line 377)

	as_lower_opt  goto 136
	sql_id  goto 137

state 88
	select_expression:  ID.'.' '*' 
	column_name:  ID.'.' sql_id 
	sql_id:  ID.    (203)

	'.'  shift 139
	.  reduce 203 (src line 1033)


state 89
	expression:  boolean_expression.    (52)
	boolean_expression:  boolean_expression.AND boolean_expression 
	boolean_expression:  boolean_expression.OR boolean_expression 

	OR  shift 141
	AND  shift 140
	.  reduce 52 (src line 367)


state 90
	expression:  value_expression.    (53)
	condition:  value_expression.compare value_expression 
	condition:  value_expression.IN col_tuple 
	condition:  value_expression.NOT IN col_tuple 
	condition:  value_expression.LIKE value_expression 
	condition:  value_expression.NOT LIKE value_expression 
	condition:  value_expression.BETWEEN value_expression AND value_expression 
	condition:  value_expression.NOT BETWEEN value_expression AND value_expression 
	condition:  value_expression.IS NULL 
	condition:  value_expression.IS NOT NULL 
	value_expression:  value_expression.'&' value_expression 
	value_expression:  value_expression.'|' value_expression 
	value_expression:  value_expression.'^' value_expression 
	value_expression:  value_expression.'+' value_expression 
	value_expression:  value_expression.'-' value_expression 
	value_expression:  value_expression.'*' value_expression 
	value_expression:  value_expression.'/' value_expression 
	value_expression:  value_expression.'%' value_expression 

	IN  shift 143
	IS  shift 147
	LIKE  shift 145
	BETWEEN  shift 146
	LE  shift 159
	GE  shift 160
	NE  shift 161
	NULL_SAFE_EQUAL  shift 162
	'='  shift 156
	'<'  shift 157
	'>'  shift 158
	NOT  shift 144
	'&'  shift 148
	'|'  shift 149
	'^'  shift 150
	'+'  shift 151
	'-'  shift 152
	'*'  shift 153
	'/'  shift 154
	'%'  shift 155
	.  reduce 53 (src line 372)

	compare  goto 142

state 91
	boolean_expression:  condition.    (88)

	.  reduce 88 (src line 529)


state 92
	boolean_expression:  NOT.boolean_expression 

	EXISTS  shift 101
	NULL  shift 106
	VALUES  shift 112
	KEYRANGE  shift 102
	ID  shift 70
	STRING  shift 103
	NUMBER  shift 104
	VALUE_ARG  shift 105
	'('  shift 93
	'~'  shift 110
	NOT  shift 92
	'+'  shift 108
	'-'  shift 109
	CASE  shift 113
	IF  shift 111
	.  error

	boolean_expression  goto 163
	condition  goto 91
	value  goto 94
	value_expression  goto 164
	row_tuple  goto 96
	keyword_as_func  goto 99
	subquery  goto 107
	unary_operator  goto 97
	column_name  goto 95
	case_expression  goto 100
	sql_id  goto 98

state 93
	boolean_expression:  '('.boolean_expression ')' 
	subquery:  '('.select_statement ')' 
	row_tuple:  '('.value_expression_list ')' 

	SELECT  shift 15
	EXISTS  shift 101
	NULL  shift 106
	VALUES  shift 112
	KEYRANGE  shift 102
	ID  shift 70
	STRING  shift 103
	NUMBER  shift 104
	VALUE_ARG  shift 105
	'('  shift 93
	'~'  shift 110
	NOT  shift 92
	'+'  shift 108
	'-'  shift 109
	CASE  shift 113
	IF  shift 111
	.  error

	select_statement  goto 166
	boolean_expression  goto 165
	condition  goto 91
	value  goto 94
	value_expression  goto 168
	value_expression_list  goto 167
	row_tuple  goto 96
	keyword_as_func  goto 99
	subquery  goto 107
	unary_operator  goto 97
	column_name  goto 95
	case_expression  goto 100
	sql_id  goto 98

state 94
	value_expression:  value.    (117)

	.  reduce 117 (src line 654)


state 95
	value_expression:  column_name.    (118)

	.  reduce 118 (src line 659)


state 96
	value_expression:  row_tuple.    (119)

	.  reduce 119 (src line 663)


state 97
	value_expression:  unary_operator.value_expression 

	NULL  shift 106
	VALUES  shift 112
	ID  shift 70
	STRING  shift 103
	NUMBER  shift 104
	VALUE_ARG  shift 105
	'('  shift 170
	'~'  shift 110
	'+'  shift 108
	'-'  shift 109
	CASE  shift 113
	IF  shift 111
	.  error

	value  goto 94
	value_expression  goto 169
	row_tuple  goto 96
	keyword_as_func  goto 99
	subquery  goto 107
	unary_operator  goto 97
	column_name  goto 95
	case_expression  goto 100
	sql_id  goto 98

state 98
	value_expression:  sql_id.'(' ')' 
	value_expression:  sql_id.'(' select_expression_list ')' 
	value_expression:  sql_id.'(' DISTINCT select_expression_list ')' 
	column_name:  sql_id.    (147)

	'('  shift 171
	.  reduce 147 (src line 799)


state 99
	value_expression:  keyword_as_func.'(' select_expression_list ')' 

	'('  shift 172
	.  error


state 100
	value_expression:  case_expression.    (133)

	.  reduce 133 (src line 730)


state 101
	condition:  EXISTS.subquery 

	'('  shift 174
	.  error

	subquery  goto 173

state 102
	condition:  KEYRANGE.'(' value ',' value ')' 

	'('  shift 175
	.  error


state 103
	value:  STRING.    (149)

	.  reduce 149 (src line 809)


state 104
	value:  NUMBER.    (150)

	.  reduce 150 (src line 814)


state 105
	value:  VALUE_ARG.    (151)

	.  reduce 151 (src line 818)


state 106
	value:  NULL.    (152)

	.  reduce 152 (src line 822)


state 107
	row_tuple:  subquery.    (182)

	.  reduce 182 (src line 970)


state 108
	unary_operator:  '+'.    (136)

	.  reduce 136 (src line 745)


state 109
	unary_operator:  '-'.    (137)

	.  reduce 137 (src line 750)


state 110
	unary_operator:  '~'.    (138)

	.  reduce 138 (src line 754)


state 111
	keyword_as_func:  IF.    (134)

	.  reduce 134 (src line 735)


state 112
	keyword_as_func:  VALUES.    (135)

	.  reduce 135 (src line 740)


state 113
	case_expression:  CASE.value_expression_opt when_expression_list else_expression_opt END 
	value_expression_opt: .    (140)

	NULL  shift 106
	VALUES  shift 112
	ID  shift 70
	STRING  shift 103
	NUMBER  shift 104
	VALUE_ARG  shift 105
	'('  shift 170
	'~'  shift 110
	'+'  shift 108
	'-'  shift 109
	CASE  shift 113
	IF  shift 111
	.  reduce 140 (src line 765)

	value  goto 94
	value_expression  goto 177
	row_tuple  goto 96
	keyword_as_func  goto 99
	subquery  goto 107
	unary_operator  goto 97
	column_name  goto 95
	case_expression  goto 100
	value_expression_opt  goto 176
	sql_id  goto 98

state 114
	comment_list:  comment_list COMMENT.    (39)

	.  reduce 39 (src line 307)


state 115
	insert_statement:  INSERT comment_opt INTO dml_table_expression.column_list_opt row_list on_dup_opt 
	insert_statement:  INSERT comment_opt INTO dml_table_expression.SET update_list on_dup_opt 
	column_list_opt: .    (171)

	SET  shift 179
	'('  shift 180
	.  reduce 171 (src line 917)

	column_list_opt  goto 178

state 116
	update_statement:  UPDATE comment_opt dml_table_expression SET.update_list where_expression_opt order_by_opt limit_opt 

	ID  shift 70
	.  error

	column_name  goto 68
	update_list  goto 181
	update_expression  goto 67
	sql_id  goto 69

state 117
	dml_table_expression:  ID '.'.ID 

	ID  shift 182
	.  error


state 118
	replace_statement:  REPLACE comment_opt dml_table_expression SET.update_list 

	ID  shift 70
	.  error

	column_name  goto 68
	update_list  goto 183
	update_expression  goto 67
	sql_id  goto 69

state 119
	delete_statement:  DELETE comment_opt FROM dml_table_expression.where_expression_opt order_by_opt limit_opt 
	where_expression_opt: .    (86)

	WHERE  shift 185
	.  reduce 86 (src line 520)

	where_expression_opt  goto 184

state 120
	update_list:  update_list ','.update_expression 

	ID  shift 70
	.  error

	column_name  goto 68
	update_expression  goto 186
	sql_id  goto 69

state 121
	update_expression:  column_name '='.value_expression 

	NULL  shift 106
	VALUES  shift 112
	ID  shift 70
	STRING  shift 103
	NUMBER  shift 104
	VALUE_ARG  shift 105
	'('  shift 170
	'~'  shift 110
	'+'  shift 108
	'-'  shift 109
	CASE  shift 113
	IF  shift 111
	.  error

	value  goto 94
	value_expression  goto 187
	row_tuple  goto 96
	keyword_as_func  goto 99
	subquery  goto 107
	unary_operator  goto 97
	column_name  goto 95
	case_expression  goto 100
	sql_id  goto 98

state 122
	column_name:  ID '.'.sql_id 

	ID  shift 75
	.  error

	sql_id  goto 188

state 123
	create_statement:  CREATE TABLE not_exists_opt ID.force_eof 
	force_eof: .    (204)

	.  reduce 204 (src line 1039)

	force_eof  goto 189

state 124
	not_exists_opt:  IF NOT.EXISTS 

	EXISTS  shift 190
	.  error


state 125
	create_statement:  CREATE constraint_opt INDEX sql_id.using_opt ON ID force_eof 
	using_opt: .    (201)

	USING  shift 192
	.  reduce 201 (src line 1028)

	using_opt  goto 191

state 126
	create_statement:  CREATE VIEW sql_id force_eof.    (24)

	.  reduce 24 (src line 232)


state 127
	alter_statement:  ALTER ignore_opt TABLE ID.non_rename_operation force_eof 
	alter_statement:  ALTER ignore_opt TABLE ID.RENAME to_opt ID 

	ORDER  shift 198
	DEFAULT  shift 196
	ID  shift 199
	ALTER  shift 195
	DROP  shift 197
	RENAME  shift 194
	.  error

	non_rename_operation  goto 193

state 128
	alter_statement:  ALTER VIEW sql_id force_eof.    (27)

	.  reduce 27 (src line 247)


state 129
	rename_statement:  RENAME TABLE ID TO.ID 

	ID  shift 200
	.  error


state 130
	drop_statement:  DROP TABLE exists_opt ID.    (29)

	.  reduce 29 (src line 258)


state 131
	exists_opt:  IF EXISTS.    (187)

	.  reduce 187 (src line 993)


state 132
	drop_statement:  DROP INDEX sql_id ON.ID 

	ID  shift 201
	.  error


state 133
	drop_statement:  DROP VIEW exists_opt sql_id.force_eof 
	force_eof: .    (204)

	.  reduce 204 (src line 1039)

	force_eof  goto 202

state 134
	select_statement:  SELECT comment_opt distinct_opt select_expression_list FROM.table_expression_list where_expression_opt group_by_opt having_opt order_by_opt limit_opt lock_opt 

	ID  shift 207
	'('  shift 206
	.  error

	table_expression_list  goto 203
	table_expression  goto 204
	simple_table_expression  goto 205
	subquery  goto 208

state 135
	select_expression_list:  select_expression_list ','.select_expression 

	EXISTS  shift 101
	NULL  shift 106
	VALUES  shift 112
	KEYRANGE  shift 102
	ID  shift 88
	STRING  shift 103
	NUMBER  shift 104
	VALUE_ARG  shift 105
	'('  shift 93
	'~'  shift 110
	NOT  shift 92
	'+'  shift 108
	'-'  shift 109
	'*'  shift 86
	CASE  shift 113
	IF  shift 111
	.  error

	select_expression  goto 209
	expression  goto 87
	boolean_expression  goto 89
	condition  goto 91
	value  goto 94
	value_expression  goto 90
	row_tuple  goto 96
	keyword_as_func  goto 99
	subquery  goto 107
	unary_operator  goto 97
	column_name  goto 95
	case_expression  goto 100
	sql_id  goto 98

state 136
	select_expression:  expression as_lower_opt.    (50)

	.  reduce 50 (src line 358)


state 137
	as_lower_opt:  sql_id.    (55)

	.  reduce 55 (src line 381)


state 138
	as_lower_opt:  AS.sql_id 

	ID  shift 75
	.  error

	sql_id  goto 210

state 139
	select_expression:  ID '.'.'*' 
	column_name:  ID '.'.sql_id 

	ID  shift 75
	'*'  shift 211
	.  error

	sql_id  goto 188

state 140
	boolean_expression:  boolean_expression AND.boolean_expression 

	EXISTS  shift 101
	NULL  shift 106
	VALUES  shift 112
	KEYRANGE  shift 102
	ID  shift 70
	STRING  shift 103
	NUMBER  shift 104
	VALUE_ARG  shift 105
	'('  shift 93
	'~'  shift 110
	NOT  shift 92
	'+'  shift 108
	'-'  shift 109
	CASE  shift 113
	IF  shift 111
	.  error

	boolean_expression  goto 212
	condition  goto 91
	value  goto 94
	value_expression  goto 164
	row_tuple  goto 96
	keyword_as_func  goto 99
	subquery  goto 107
	unary_operator  goto 97
	column_name  goto 95
	case_expression  goto 100
	sql_id  goto 98

state 141
	boolean_expression:  boolean_expression OR.boolean_expression 

	EXISTS  shift 101
	NULL  shift 106
	VALUES  shift 112
	KEYRANGE  shift 102
	ID  shift 70
	STRING  shift 103
	NUMBER  shift 104
	VALUE_ARG  shift 105
	'('  shift 93
	'~'  shift 110
	NOT  shift 92
	'+'  shift 108
	'-'  shift 109
	CASE  shift 113
	IF  shift 111
	.  error

	boolean_expression  goto 213
	condition  goto 91
	value  goto 94
	value_expression  goto 164
	row_tuple  goto 96
	keyword_as_func  goto 99
	subquery  goto 107
	unary_operator  goto 97
	column_name  goto 95
	case_expression  goto 100
	sql_id  goto 98

state 142
	condition:  value_expression compare.value_expression 

	NULL  shift 106
	VALUES  shift 112
	ID  shift 70
	STRING  shift 103
	NUMBER  shift 104
	VALUE_ARG  shift 105
	'('  shift 170
	'~'  shift 110
	'+'  shift 108
	'-'  shift 109
	CASE  shift 113
	IF  shift 111
	.  error

	value  goto 94
	value_expression  goto 214
	row_tuple  goto 96
	keyword_as_func  goto 99
	subquery  goto 107
	unary_operator  goto 97
	column_name  goto 95
	case_expression  goto 100
	sql_id  goto 98

state 143
	condition:  value_expression IN.col_tuple 

	LIST_ARG  shift 218
	'('  shift 216
	.  error

	col_tuple  goto 215
	subquery  goto 217

state 144
	condition:  value_expression NOT.IN col_tuple 
	condition:  value_expression NOT.LIKE value_expression 
	condition:  value_expression NOT.BETWEEN value_expression AND value_expression 

	IN  shift 219
	LIKE  shift 220
	BETWEEN  shift 221
	.  error


state 145
	condition:  value_expression LIKE.value_expression 

	NULL  shift 106
	VALUES  shift 112
	ID  shift 70
	STRING  shift 103
	NUMBER  shift 104
	VALUE_ARG  shift 105
	'('  shift 170
	'~'  shift 110
	'+'  shift 108
	'-'  shift 109
	CASE  shift 113
	IF  shift 111
	.  error

	value  goto 94
	value_expression  goto 222
	row_tuple  goto 96
	keyword_as_func  goto 99
	subquery  goto 107
	unary_operator  goto 97
	column_name  goto 95
	case_expression  goto 100
	sql_id  goto 98

state 146
	condition:  value_expression BETWEEN.value_expression AND value_expression 

	NULL  shift 106
	VALUES  shift 112
	ID  shift 70
	STRING  shift 103
	NUMBER  shift 104
	VALUE_ARG  shift 105
	'('  shift 170
	'~'  shift 110
	'+'  shift 108
	'-'  shift 109
	CASE  shift 113
	IF  shift 111
	.  error

	value  goto 94
	value_expression  goto 223
	row_tuple  goto 96
	keyword_as_func  goto 99
	subquery  goto 107
	unary_operator  goto 97
	column_name  goto 95
	case_expression  goto 100
	sql_id  goto 98

state 147
	condition:  value_expression IS.NULL 
	condition:  value_expression IS.NOT NULL 

	NULL  shift 224
	NOT  shift 225
	.  error


state 148
	value_expression:  value_expression '&'.value_expression 

	NULL  shift 106
	VALUES  shift 112
	ID  shift 70
	STRING  shift 103
	NUMBER  shift 104
	VALUE_ARG  shift 105
	'('  shift 170
	'~'  shift 110
	'+'  shift 108
	'-'  shift 109
	CASE  shift 113
	IF  shift 111
	.  error

	value  goto 94
	value_expression  goto 226
	row_tuple  goto 96
	keyword_as_func  goto 99
	subquery  goto 107
	unary_operator  goto 97
	column_name  goto 95
	case_expression  goto 100
	sql_id  goto 98

state 149
	value_expression:  value_expression '|'.value_expression 

	NULL  shift 106
	VALUES  shift 112
	ID  shift 70
	STRING  shift 103
	NUMBER  shift 104
	VALUE_ARG  shift 105
	'('  shift 170
	'~'  shift 110
	'+'  shift 108
	'-'  shift 109
	CASE  shift 113
	IF  shift 111
	.  error

	value  goto 94
	value_expression  goto 227
	row_tuple  goto 96
	keyword_as_func  goto 99
	subquery  goto 107
	unary_operator  goto 97
	column_name  goto 95
	case_expression  goto 100
	sql_id  goto 98

state 150
	value_expression:  value_expression '^'.value_expression 

	NULL  shift 106
	VALUES  shift 112
	ID  shift 70
	STRING  shift 103
	NUMBER  shift 104
	VALUE_ARG  shift 105
	'('  shift 170
	'~'  shift 110
	'+'  shift 108
	'-'  shift 109
	CASE  shift 113
	IF  shift 111
	.  error

	value  goto 94
	value_expression  goto 228
	row_tuple  goto 96
	keyword_as_func  goto 99
	subquery  goto 107
	unary_operator  goto 97
	column_name  goto 95
	case_expression  goto 100
	sql_id  goto 98

state 151
	value_expression:  value_expression '+'.value_expression 

	NULL  shift 106
	VALUES  shift 112
	ID  shift 70
	STRING  shift 103
	NUMBER  shift 104
	VALUE_ARG  shift 105
	'('  shift 170
	'~'  shift 110
	'+'  shift 108
	'-'  shift 109
	CASE  shift 113
	IF  shift 111
	.  error

	value  goto 94
	value_expression  goto 229
	row_tuple  goto 96
	keyword_as_func  goto 99
	subquery  goto 107
	unary_operator  goto 97
	column_name  goto 95
	case_expression  goto 100
	sql_id  goto 98

state 152
	value_expression:  value_expression '-'.value_expression 

	NULL  shift 106
	VALUES  shift 112
	ID  shift 70
	STRING  shift 103
	NUMBER  shift 104
	VALUE_ARG  shift 105
	'('  shift 170
	'~'  shift 110
	'+'  shift 108
	'-'  shift 109
	CASE  shift 113
	IF  shift 111
	.  error

	value  goto 94
	value_expression  goto 230
	row_tuple  goto 96
	keyword_as_func  goto 99
	subquery  goto 107
	unary_operator  goto 97
	column_name  goto 95
	case_expression  goto 100
	sql_id  goto 98

state 153
	value_expression:  value_expression '*'.value_expression 

	NULL  shift 106
	VALUES  shift 112
	ID  shift 70
	STRING  shift 103
	NUMBER  shift 104
	VALUE_ARG  shift 105
	'('  shift 170
	'~'  shift 110
	'+'  shift 108
	'-'  shift 109
	CASE  shift 113
	IF  shift 111
	.  error

	value  goto 94
	value_expression  goto 231
	row_tuple  goto 96
	keyword_as_func  goto 99
	subquery  goto 107
	unary_operator  goto 97
	column_name  goto 95
	case_expression  goto 100
	sql_id  goto 98

state 154
	value_expression:  value_expression '/'.value_expression 

	NULL  shift 106
	VALUES  shift 112
	ID  shift 70
	STRING  shift 103
	NUMBER  shift 104
	VALUE_ARG  shift 105
	'('  shift 170
	'~'  shift 110
	'+'  shift 108
	'-'  shift 109
	CASE  shift 113
	IF  shift 111
	.  error

	value  goto 94
	value_expression  goto 232
	row_tuple  goto 96
	keyword_as_func  goto 99
	subquery  goto 107
	unary_operator  goto 97
	column_name  goto 95
	case_expression  goto 100
	sql_id  goto 98

state 155
	value_expression:  value_expression '%'.value_expression 

	NULL  shift 106
	VALUES  shift 112
	ID  shift 70
	STRING  shift 103
	NUMBER  shift 104
	VALUE_ARG  shift 105
	'('  shift 170
	'~'  shift 110
	'+'  shift 108
	'-'  shift 109
	CASE  shift 113
	IF  shift 111
	.  error

	value  goto 94
	value_expression  goto 233
	row_tuple  goto 96
	keyword_as_func  goto 99
	subquery  goto 107
	unary_operator  goto 97
	column_name  goto 95
	case_expression  goto 100
	sql_id  goto 98

state 156
	compare:  '='.    (104)

	.  reduce 104 (src line 594)


state 157
	compare:  '<'.    (105)

	.  reduce 105 (src line 599)


state 158
	compare:  '>'.    (106)

	.  reduce 106 (src line 603)


state 159
	compare:  LE.    (107)

	.  reduce 107 (src line 607)


state 160
	compare:  GE.    (108)

	.  reduce 108 (src line 611)


state 161
	compare:  NE.    (109)

	.  reduce 109 (src line 615)


state 162
	compare:  NULL_SAFE_EQUAL.    (110)

	.  reduce 110 (src line 619)


state 163
	boolean_expression:  boolean_expression.AND boolean_expression 
	boolean_expression:  boolean_expression.OR boolean_expression 
	boolean_expression:  NOT boolean_expression.    (91)

	.  reduce 91 (src line 539)


state 164
	condition:  value_expression.compare value_expression 
	condition:  value_expression.IN col_tuple 
	condition:  value_expression.NOT IN col_tuple 
	condition:  value_expression.LIKE value_expression 
	condition:  value_expression.NOT LIKE value_expression 
	condition:  value_expression.BETWEEN value_expression AND value_expression 
	condition:  value_expression.NOT BETWEEN value_expression AND value_expression 
	condition:  value_expression.IS NULL 
	condition:  value_expression.IS NOT NULL 
	value_expression:  value_expression.'&' value_expression 
	value_expression:  value_expression.'|' value_expression 
	value_expression:  value_expression.'^' value_expression 
	value_expression:  value_expression.'+' value_expression 
	value_expression:  value_expression.'-' value_expression 
	value_expression:  value_expression.'*' value_expression 
	value_expression:  value_expression.'/' value_expression 
	value_expression:  value_expression.'%' value_expression 

	IN  shift 143
	IS  shift 147
	LIKE  shift 145
	BETWEEN  shift 146
	LE  shift 159
	GE  shift 160
	NE  shift 161
	NULL_SAFE_EQUAL  shift 162
	'='  shift 156
	'<'  shift 157
	'>'  shift 158
	NOT  shift 144
	'&'  shift 148
	'|'  shift 149
	'^'  shift 150
	'+'  shift 151
	'-'  shift 152
	'*'  shift 153
	'/'  shift 154
	'%'  shift 155
	.  error

	compare  goto 142

state 165
	boolean_expression:  boolean_expression.AND boolean_expression 
	boolean_expression:  boolean_expression.OR boolean_expression 
	boolean_expression:  '(' boolean_expression.')' 

	OR  shift 141
	AND  shift 140
	')'  shift 234
	.  error


state 166
	select_statement:  select_statement.union_op select_statement 
	subquery:  '(' select_statement.')' 

	UNION  shift 30
	MINUS  shift 31
	EXCEPT  shift 32
	INTERSECT  shift 33
	')'  shift 235
	.  error

	union_op  goto 29

state 167
	value_expression_list:  value_expression_list.',' value_expression 
	row_tuple:  '(' value_expression_list.')' 

	','  shift 236
	')'  shift 237
	.  error


state 168
	condition:  value_expression.compare value_expression 
	condition:  value_expression.IN col_tuple 
	condition:  value_expression.NOT IN col_tuple 
	condition:  value_expression.LIKE value_expression 
	condition:  value_expression.NOT LIKE value_expression 
	condition:  value_expression.BETWEEN value_expression AND value_expression 
	condition:  value_expression.NOT BETWEEN value_expression AND value_expression 
	condition:  value_expression.IS NULL 
	condition:  value_expression.IS NOT NULL 
	value_expression_list:  value_expression.    (115)
	value_expression:  value_expression.'&' value_expression 
	value_expression:  value_expression.'|' value_expression 
	value_expression:  value_expression.'^' value_expression 
	value_expression:  value_expression.'+' value_expression 
	value_expression:  value_expression.'-' value_expression 
	value_expression:  value_expression.'*' value_expression 
	value_expression:  value_expression.'/' value_expression 
	value_expression:  value_expression.'%' value_expression 

	IN  shift 143
	IS  shift 147
	LIKE  shift 145
	BETWEEN  shift 146
	LE  shift 159
	GE  shift 160
	NE  shift 161
	NULL_SAFE_EQUAL  shift 162
	'='  shift 156
	'<'  shift 157
	'>'  shift 158
	NOT  shift 144
	'&'  shift 148
	'|'  shift 149
	'^'  shift 150
	'+'  shift 151
	'-'  shift 152
	'*'  shift 153
	'/'  shift 154
	'%'  shift 155
	.  reduce 115 (src line 644)

	compare  goto 142

state 169
	value_expression:  value_expression.'&' value_expression 
	value_expression:  value_expression.'|' value_expression 
	value_expression:  value_expression.'^' value_expression 
	value_expression:  value_expression.'+' value_expression 
	value_expression:  value_expression.'-' value_expression 
	value_expression:  value_expression.'*' value_expression 
	value_expression:  value_expression.'/' value_expression 
	value_expression:  value_expression.'%' value_expression 
	value_expression:  unary_operator value_expression.    (128)

	.  reduce 128 (src line 699)


state 170
	subquery:  '('.select_statement ')' 
	row_tuple:  '('.value_expression_list ')' 

	SELECT  shift 15
	NULL  shift 106
	VALUES  shift 112
	ID  shift 70
	STRING  shift 103
	NUMBER  shift 104
	VALUE_ARG  shift 105
	'('  shift 170
	'~'  shift 110
	'+'  shift 108
	'-'  shift 109
	CASE  shift 113
	IF  shift 111
	.  error

	select_statement  goto 166
	value  goto 94
	value_expression  goto 238
	value_expression_list  goto 167
	row_tuple  goto 96
	keyword_as_func  goto 99
	subquery  goto 107
	unary_operator  goto 97
	column_name  goto 95
	case_expression  goto 100
	sql_id  goto 98

state 171
	value_expression:  sql_id '('.')' 
	value_expression:  sql_id '('.select_expression_list ')' 
	value_expression:  sql_id '('.DISTINCT select_expression_list ')' 

	DISTINCT  shift 241
	EXISTS  shift 101
	NULL  shift 106
	VALUES  shift 112
	KEYRANGE  shift 102
	ID  shift 88
	STRING  shift 103
	NUMBER  shift 104
	VALUE_ARG  shift 105
	'('  shift 93
	'~'  shift 110
	NOT  shift 92
	'+'  shift 108
	'-'  shift 109
	'*'  shift 86
	CASE  shift 113
	IF  shift 111
	')'  shift 239
	.  error

	select_expression_list  goto 240
	select_expression  goto 85
	expression  goto 87
	boolean_expression  goto 89
	condition  goto 91
	value  goto 94
	value_expression  goto 90
	row_tuple  goto 96
	keyword_as_func  goto 99
	subquery  goto 107
	unary_operator  goto 97
	column_name  goto 95
	case_expression  goto 100
	sql_id  goto 98

state 172
	value_expression:  keyword_as_func '('.select_expression_list ')' 

	EXISTS  shift 101
	NULL  shift 106
	VALUES  shift 112
	KEYRANGE  shift 102
	ID  shift 88
	STRING  shift 103
	NUMBER  shift 104
	VALUE_ARG  shift 105
	'('  shift 93
	'~'  shift 110
	NOT  shift 92
	'+'  shift 108
	'-'  shift 109
	'*'  shift 86
	CASE  shift 113
	IF  shift 111
	.  error

	select_expression_list  goto 242
	select_expression  goto 85
	expression  goto 87
	boolean_expression  goto 89
	condition  goto 91
	value  goto 94
	value_expression  goto 90
	row_tuple  goto 96
	keyword_as_func  goto 99
	subquery  goto 107
	unary_operator  goto 97
	column_name  goto 95
	case_expression  goto 100
	sql_id  goto 98

state 173
	condition:  EXISTS subquery.    (102)

	.  reduce 102 (src line 585)


state 174
	subquery:  '('.select_statement ')' 

	SELECT  shift 15
	.  error

	select_statement  goto 166

state 175
	condition:  KEYRANGE '('.value ',' value ')' 

	NULL  shift 106
	STRING  shift 103
	NUMBER  shift 104
	VALUE_ARG  shift 105
	.  error

	value  goto 243

state 176
	case_expression:  CASE value_expression_opt.when_expression_list else_expression_opt END 

	WHEN  shift 246
	.  error

	when_expression_list  goto 244
	when_expression  goto 245

state 177
	value_expression:  value_expression.'&' value_expression 
	value_expression:  value_expression.'|' value_expression 
	value_expression:  value_expression.'^' value_expression 
	value_expression:  value_expression.'+' value_expression 
	value_expression:  value_expression.'-' value_expression 
	value_expression:  value_expression.'*' value_expression 
	value_expression:  value_expression.'/' value_expression 
	value_expression:  value_expression.'%' value_expression 
	value_expression_opt:  value_expression.    (141)

	'&'  shift 148
	'|'  shift 149
	'^'  shift 150
	'+'  shift 151
	'-'  shift 152
	'*'  shift 153
	'/'  shift 154
	'%'  shift 155
	.  reduce 141 (src line 769)


state 178
	insert_statement:  INSERT comment_opt INTO dml_table_expression column_list_opt.row_list on_dup_opt 

	SELECT  shift 15
	VALUES  shift 248
	.  error

	select_statement  goto 249
	row_list  goto 247

state 179
	insert_statement:  INSERT comment_opt INTO dml_table_expression SET.update_list on_dup_opt 

	ID  shift 70
	.  error

	column_name  goto 68
	update_list  goto 250
	update_expression  goto 67
	sql_id  goto 69

state 180
	column_list_opt:  '('.column_list ')' 

	ID  shift 70
	.  error

	column_name  goto 252
	column_list  goto 251
	sql_id  goto 69

state 181
	update_statement:  UPDATE comment_opt dml_table_expression SET update_list.where_expression_opt order_by_opt limit_opt 
	update_list:  update_list.',' update_expression 
	where_expression_opt: .    (86)

	WHERE  shift 185
	','  shift 120
	.  reduce 86 (src line 520)

	where_expression_opt  goto 253

state 182
	dml_table_expression:  ID '.' ID.    (79)

	.  reduce 79 (src line 488)


state 183
	replace_statement:  REPLACE comment_opt dml_table_expression SET update_list.    (19)
	update_list:  update_list.',' update_expression 

	','  shift 120
	.  reduce 19 (src line 204)


state 184
	delete_statement:  DELETE comment_opt FROM dml_table_expression where_expression_opt.order_by_opt limit_opt 
	order_by_opt: .    (157)

	ORDER  shift 255
	.  reduce 157 (src line 845)

	order_by_opt  goto 254

state 185
	where_expression_opt:  WHERE.boolean_expression 

	EXISTS  shift 101
	NULL  shift 106
	VALUES  shift 112
	KEYRANGE  shift 102
	ID  shift 70
	STRING  shift 103
	NUMBER  shift 104
	VALUE_ARG  shift 105
	'('  shift 93
	'~'  shift 110
	NOT  shift 92
	'+'  shift 108
	'-'  shift 109
	CASE  shift 113
	IF  shift 111
	.  error

	boolean_expression  goto 256
	condition  goto 91
	value  goto 94
	value_expression  goto 164
	row_tuple  goto 96
	keyword_as_func  goto 99
	subquery  goto 107
	unary_operator  goto 97
	column_name  goto 95
	case_expression  goto 100
	sql_id  goto 98

state 186
	update_list:  update_list ',' update_expression.    (184)

	.  reduce 184 (src line 980)


state 187
	value_expression:  value_expression.'&' value_expression 
	value_expression:  value_expression.'|' value_expression 
	value_expression:  value_expression.'^' value_expression 
	value_expression:  value_expression.'+' value_expression 
	value_expression:  value_expression.'-' value_expression 
	value_expression:  value_expression.'*' value_expression 
	value_expression:  value_expression.'/' value_expression 
	value_expression:  value_expression.'%' value_expression 
	update_expression:  column_name '=' value_expression.    (185)

	'&'  shift 148
	'|'  shift 149
	'^'  shift 150
	'+'  shift 151
	'-'  shift 152
	'*'  shift 153
	'/'  shift 154
	'%'  shift 155
	.  reduce 185 (src line 985)


state 188
	column_name:  ID '.' sql_id.    (148)

	.  reduce 148 (src line 804)


state 189
	create_statement:  CREATE TABLE not_exists_opt ID force_eof.    (22)

	.  reduce 22 (src line 222)


state 190
	not_exists_opt:  IF NOT EXISTS.    (189)

	.  reduce 189 (src line 998)


state 191
	create_statement:  CREATE constraint_opt INDEX sql_id using_opt.ON ID force_eof 

	ON  shift 257
	.  error


state 192
	using_opt:  USING.sql_id 

	ID  shift 75
	.  error

	sql_id  goto 258

state 193
	alter_statement:  ALTER ignore_opt TABLE ID non_rename_operation.force_eof 
	force_eof: .    (204)

	.  reduce 204 (src line 1039)

	force_eof  goto 259

state 194
	alter_statement:  ALTER ignore_opt TABLE ID RENAME.to_opt ID 
	to_opt: .    (197)

	TO  shift 261
	.  reduce 197 (src line 1018)

	to_opt  goto 260

state 195
	non_rename_operation:  ALTER.    (192)

	.  reduce 192 (src line 1006)


state 196
	non_rename_operation:  DEFAULT.    (193)

	.  reduce 193 (src line 1009)


state 197
	non_rename_operation:  DROP.    (194)

	.  reduce 194 (src line 1011)


state 198
	non_rename_operation:  ORDER.    (195)

	.  reduce 195 (src line 1013)


state 199
	non_rename_operation:  ID.    (196)

	.  reduce 196 (src line 1015)


state 200
	rename_statement:  RENAME TABLE ID TO ID.    (28)

	.  reduce 28 (src line 252)


state 201
	drop_statement:  DROP INDEX sql_id ON ID.    (30)

	.  reduce 30 (src line 263)


state 202
	drop_statement:  DROP VIEW exists_opt sql_id force_eof.    (31)

	.  reduce 31 (src line 268)


state 203
	select_statement:  SELECT comment_opt distinct_opt select_expression_list FROM table_expression_list.where_expression_opt group_by_opt having_opt order_by_opt limit_opt lock_opt 
	table_expression_list:  table_expression_list.',' table_expression 
	where_expression_opt: .    (86)

	WHERE  shift 185
	','  shift 263
	.  reduce 86 (src line 520)

	where_expression_opt  goto 262

state 204
	table_expression_list:  table_expression.    (57)
	table_expression:  table_expression.join_type table_expression 
	table_expression:  table_expression.join_type table_expression ON boolean_expression 

	JOIN  shift 265
	STRAIGHT_JOIN  shift 266
	LEFT  shift 267
	RIGHT  shift 268
	INNER  shift 269
	CROSS  shift 270
	NATURAL  shift 271
	.  reduce 57 (src line 390)

	join_type  goto 264

state 205
	table_expression:  simple_table_expression.as_opt index_hint_list 
	as_opt: .    (63)

	AS  shift 274
	ID  shift 273
	.  reduce 63 (src line 418)

	as_opt  goto 272

state 206
	table_expression:  '('.table_expression ')' 
	subquery:  '('.select_statement ')' 

	SELECT  shift 15
	ID  shift 207
	'('  shift 206
	.  error

	select_statement  goto 166
	table_expression  goto 275
	simple_table_expression  goto 205
	subquery  goto 208

state 207
	simple_table_expression:  ID.    (75)
	simple_table_expression:  ID.'.' ID 

	'.'  shift 276
	.  reduce 75 (src line 469)


state 208
	simple_table_expression:  subquery.    (77)

	.  reduce 77 (src line 478)


state 209
	select_expression_list:  select_expression_list ',' select_expression.    (48)

	.  reduce 48 (src line 348)


state 210
	as_lower_opt:  AS sql_id.    (56)

	.  reduce 56 (src line 385)


state 211
	select_expression:  ID '.' '*'.    (51)

	.  reduce 51 (src line 362)


state 212
	boolean_expression:  boolean_expression.AND boolean_expression 
	boolean_expression:  boolean_expression AND boolean_expression.    (89)
	boolean_expression:  boolean_expression.OR boolean_expression 

	.  reduce 89 (src line 531)


state 213
	boolean_expression:  boolean_expression.AND boolean_expression 
	boolean_expression:  boolean_expression.OR boolean_expression 
	boolean_expression:  boolean_expression OR boolean_expression.    (90)

	AND  shift 140
	.  reduce 90 (src line 535)


state 214
	condition:  value_expression compare value_expression.    (93)
	value_expression:  value_expression.'&' value_expression 
	value_expression:  value_expression.'|' value_expression 
	value_expression:  value_expression.'^' value_expression 
	value_expression:  value_expression.'+' value_expression 
	value_expression:  value_expression.'-' value_expression 
	value_expression:  value_expression.'*' value_expression 
	value_expression:  value_expression.'/' value_expression 
	value_expression:  value_expression.'%' value_expression 

	'&'  shift 148
	'|'  shift 149
	'^'  shift 150
	'+'  shift 151
	'-'  shift 152
	'*'  shift 153
	'/'  shift 154
	'%'  shift 155
	.  reduce 93 (src line 548)


state 215
	condition:  value_expression IN col_tuple.    (94)

	.  reduce 94 (src line 553)


state 216
	col_tuple:  '('.value_expression_list ')' 
	subquery:  '('.select_statement ')' 

	SELECT  shift 15
	NULL  shift 106
	VALUES  shift 112
	ID  shift 70
	STRING  shift 103
	NUMBER  shift 104
	VALUE_ARG  shift 105
	'('  shift 170
	'~'  shift 110
	'+'  shift 108
	'-'  shift 109
	CASE  shift 113
	IF  shift 111
	.  error

	select_statement  goto 166
	value  goto 94
	value_expression  goto 238
	value_expression_list  goto 277
	row_tuple  goto 96
	keyword_as_func  goto 99
	subquery  goto 107
	unary_operator  goto 97
	column_name  goto 95
	case_expression  goto 100
	sql_id  goto 98

state 217
	col_tuple:  subquery.    (112)

	.  reduce 112 (src line 629)


state 218
	col_tuple:  LIST_ARG.    (113)

	.  reduce 113 (src line 633)


state 219
	condition:  value_expression NOT IN.col_tuple 

	LIST_ARG  shift 218
	'('  shift 216
	.  error

	col_tuple  goto 278
	subquery  goto 217

state 220
	condition:  value_expression NOT LIKE.value_expression 

	NULL  shift 106
	VALUES  shift 112
	ID  shift 70
	STRING  shift 103
	NUMBER  shift 104
	VALUE_ARG  shift 105
	'('  shift 170
	'~'  shift 110
	'+'  shift 108
	'-'  shift 109
	CASE  shift 113
	IF  shift 111
	.  error

	value  goto 94
	value_expression  goto 279
	row_tuple  goto 96
	keyword_as_func  goto 99
	subquery  goto 107
	unary_operator  goto 97
	column_name  goto 95
	case_expression  goto 100
	sql_id  goto 98

state 221
	condition:  value_expression NOT BETWEEN.value_expression AND value_expression 

	NULL  shift 106
	VALUES  shift 112
	ID  shift 70
	STRING  shift 103
	NUMBER  shift 104
	VALUE_ARG  shift 105
	'('  shift 170
	'~'  shift 110
	'+'  shift 108
	'-'  shift 109
	CASE  shift 113
	IF  shift 111
	.  error

	value  goto 94
	value_expression  goto 280
	row_tuple  goto 96
	keyword_as_func  goto 99
	subquery  goto 107
	unary_operator  goto 97
	column_name  goto 95
	case_expression  goto 100
	sql_id  goto 98

state 222
	condition:  value_expression LIKE value_expression.    (96)
	value_expression:  value_expression.'&' value_expression 
	value_expression:  value_expression.'|' value_expression 
	value_expression:  value_expression.'^' value_expression 
	value_expression:  value_expression.'+' value_expression 
	value_expression:  value_expression.'-' value_expression 
	value_expression:  value_expression.'*' value_expression 
	value_expression:  value_expression.'/' value_expression 
	value_expression:  value_expression.'%' value_expression 

	'&'  shift 148
	'|'  shift 149
	'^'  shift 150
	'+'  shift 151
	'-'  shift 152
	'*'  shift 153
	'/'  shift 154
	'%'  shift 155
	.  reduce 96 (src line 561)


state 223
	condition:  value_expression BETWEEN value_expression.AND value_expression 
	value_expression:  value_expression.'&' value_expression 
	value_expression:  value_expression.'|' value_expression 
	value_expression:  value_expression.'^' value_expression 
	value_expression:  value_expression.'+' value_expression 
	value_expression:  value_expression.'-' value_expression 
	value_expression:  value_expression.'*' value_expression 
	value_expression:  value_expression.'/' value_expression 
	value_expression:  value_expression.'%' value_expression 

	AND  shift 281
	'&'  shift 148
	'|'  shift 149
	'^'  shift 150
	'+'  shift 151
	'-'  shift 152
	'*'  shift 153
	'/'  shift 154
	'%'  shift 155
	.  error


state 224
	condition:  value_expression IS NULL.    (100)

	.  reduce 100 (src line 577)


state 225
	condition:  value_expression IS NOT.NULL 

	NULL  shift 282
	.  error


state 226
	value_expression:  value_expression.'&' value_expression 
	value_expression:  value_expression '&' value_expression.    (120)
	value_expression:  value_expression.'|' value_expression 
	value_expression:  value_expression.'^' value_expression 
	value_expression:  value_expression.'+' value_expression 
	value_expression:  value_expression.'-' value_expression 
	value_expression:  value_expression.'*' value_expression 
	value_expression:  value_expression.'/' value_expression 
	value_expression:  value_expression.'%' value_expression 

	'+'  shift 151
	'-'  shift 152
	'*'  shift 153
	'/'  shift 154
	'%'  shift 155
	.  reduce 120 (src line 667)


state 227
	value_expression:  value_expression.'&' value_expression 
	value_expression:  value_expression.'|' value_expression 
	value_expression:  value_expression '|' value_expression.    (121)
	value_expression:  value_expression.'^' value_expression 
	value_expression:  value_expression.'+' value_expression 
	value_expression:  value_expression.'-' value_expression 
	value_expression:  value_expression.'*' value_expression 
	value_expression:  value_expression.'/' value_expression 
	value_expression:  value_expression.'%' value_expression 

	'+'  shift 151
	'-'  shift 152
	'*'  shift 153
	'/'  shift 154
	'%'  shift 155
	.  reduce 121 (src line 671)


state 228
	value_expression:  value_expression.'&' value_expression 
	value_expression:  value_expression.'|' value_expression 
	value_expression:  value_expression.'^' value_expression 
	value_expression:  value_expression '^' value_expression.    (122)
	value_expression:  value_expression.'+' value_expression 
	value_expression:  value_expression.'-' value_expression 
	value_expression:  value_expression.'*' value_expression 
	value_expression:  value_expression.'/' value_expression 
	value_expression:  value_expression.'%' value_expression 

	'+'  shift 151
	'-'  shift 152
	'*'  shift 153
	'/'  shift 154
	'%'  shift 155
	.  reduce 122 (src line 675)


state 229
	value_expression:  value_expression.'&' value_expression 
	value_expression:  value_expression.'|' value_expression 
	value_expression:  value_expression.'^' value_expression 
	value_expression:  value_expression.'+' value_expression 
	value_expression:  value_expression '+' value_expression.    (123)
	value_expression:  value_expression.'-' value_expression 
	value_expression:  value_expression.'*' value_expression 
	value_expression:  value_expression.'/' value_expression 
	value_expression:  value_expression.'%' value_expression 

	'*'  shift 153
	'/'  shift 154
	'%'  shift 155
	.  reduce 123 (src line 679)


state 230
	value_expression:  value_expression.'&' value_expression 
	value_expression:  value_expression.'|' value_expression 
	value_expression:  value_expression.'^' value_expression 
	value_expression:  value_expression.'+' value_expression 
	value_expression:  value_expression.'-' value_expression 
	value_expression:  value_expression '-' value_expression.    (124)
	value_expression:  value_expression.'*' value_expression 
	value_expression:  value_expression.'/' value_expression 
	value_expression:  value_expression.'%' value_expression 

	'*'  shift 153
	'/'  shift 154
	'%'  shift 155
	.  reduce 124 (src line 683)


state 231
	value_expression:  value_expression.'&' value_expression 
	value_expression:  value_expression.'|' value_expression 
	value_expression:  value_expression.'^' value_expression 
	value_expression:  value_expression.'+' value_expression 
	value_expression:  value_expression.'-' value_expression 
	value_expression:  value_expression.'*' value_expression 
	value_expression:  value_expression '*' value_expression.    (125)
	value_expression:  value_expression.'/' value_expression 
	value_expression:  value_expression.'%' value_expression 

	.  reduce 125 (src line 687)


state 232
	value_expression:  value_expression.'&' value_expression 
	value_expression:  value_expression.'|' value_expression 
	value_expression:  value_expression.'^' value_expression 
	value_expression:  value_expression.'+' value_expression 
	value_expression:  value_expression.'-' value_expression 
	value_expression:  value_expression.'*' value_expression 
	value_expression:  value_expression.'/' value_expression 
	value_expression:  value_expression '/' value_expression.    (126)
	value_expression:  value_expression.'%' value_expression 

	.  reduce 126 (src line 691)


state 233
	value_expression:  value_expression.'&' value_expression 
	value_expression:  value_expression.'|' value_expression 
	value_expression:  value_expression.'^' value_expression 
	value_expression:  value_expression.'+' value_expression 
	value_expression:  value_expression.'-' value_expression 
	value_expression:  value_expression.'*' value_expression 
	value_expression:  value_expression.'/' value_expression 
	value_expression:  value_expression.'%' value_expression 
	value_expression:  value_expression '%' value_expression.    (127)

	.  reduce 127 (src line 695)


state 234
	boolean_expression:  '(' boolean_expression ')'.    (92)

	.  reduce 92 (src line 543)


state 235
	subquery:  '(' select_statement ')'.    (114)

	.  reduce 114 (src line 638)


state 236
	value_expression_list:  value_expression_list ','.value_expression 

	NULL  shift 106
	VALUES  shift 112
	ID  shift 70
	STRING  shift 103
	NUMBER  shift 104
	VALUE_ARG  shift 105
	'('  shift 170
	'~'  shift 110
	'+'  shift 108
	'-'  shift 109
	CASE  shift 113
	IF  shift 111
	.  error

	value  goto 94
	value_expression  goto 283
	row_tuple  goto 96
	keyword_as_func  goto 99
	subquery  goto 107
	unary_operator  goto 97
	column_name  goto 95
	case_expression  goto 100
	sql_id  goto 98

state 237
	row_tuple:  '(' value_expression_list ')'.    (181)

	.  reduce 181 (src line 965)


state 238
	value_expression_list:  value_expression.    (115)
	value_expression:  value_expression.'&' value_expression 
	value_expression:  value_expression.'|' value_expression 
	value_expression:  value_expression.'^' value_expression 
	value_expression:  value_expression.'+' value_expression 
	value_expression:  value_expression.'-' value_expression 
	value_expression:  value_expression.'*' value_expression 
	value_expression:  value_expression.'/' value_expression 
	value_expression:  value_expression.'%' value_expression 

	'&'  shift 148
	'|'  shift 149
	'^'  shift 150
	'+'  shift 151
	'-'  shift 152
	'*'  shift 153
	'/'  shift 154
	'%'  shift 155
	.  reduce 115 (src line 644)


state 239
	value_expression:  sql_id '(' ')'.    (129)

	.  reduce 129 (src line 714)


state 240
	select_expression_list:  select_expression_list.',' select_expression 
	value_expression:  sql_id '(' select_expression_list.')' 

	','  shift 135
	')'  shift 284
	.  error


state 241
	value_expression:  sql_id '(' DISTINCT.select_expression_list ')' 

	EXISTS  shift 101
	NULL  shift 106
	VALUES  shift 112
	KEYRANGE  shift 102
	ID  shift 88
	STRING  shift 103
	NUMBER  shift 104
	VALUE_ARG  shift 105
	'('  shift 93
	'~'  shift 110
	NOT  shift 92
	'+'  shift 108
	'-'  shift 109
	'*'  shift 86
	CASE  shift 113
	IF  shift 111
	.  error

	select_expression_list  goto 285
	select_expression  goto 85
	expression  goto 87
	boolean_expression  goto 89
	condition  goto 91
	value  goto 94
	value_expression  goto 90
	row_tuple  goto 96
	keyword_as_func  goto 99
	subquery  goto 107
	unary_operator  goto 97
	column_name  goto 95
	case_expression  goto 100
	sql_id  goto 98

state 242
	select_expression_list:  select_expression_list.',' select_expression 
	value_expression:  keyword_as_func '(' select_expression_list.')' 

	','  shift 135
	')'  shift 286
	.  error


state 243
	condition:  KEYRANGE '(' value.',' value ')' 

	','  shift 287
	.  error


state 244
	case_expression:  CASE value_expression_opt when_expression_list.else_expression_opt END 
	when_expression_list:  when_expression_list.when_expression 
	else_expression_opt: .    (145)

	WHEN  shift 246
	ELSE  shift 290
	.  reduce 145 (src line 790)

	when_expression  goto 289
	else_expression_opt  goto 288

state 245
	when_expression_list:  when_expression.    (142)

	.  reduce 142 (src line 774)


state 246
	when_expression:  WHEN.boolean_expression THEN value_expression 

	EXISTS  shift 101
	NULL  shift 106
	VALUES  shift 112
	KEYRANGE  shift 102
	ID  shift 70
	STRING  shift 103
	NUMBER  shift 104
	VALUE_ARG  shift 105
	'('  shift 93
	'~'  shift 110
	NOT  shift 92
	'+'  shift 108
	'-'  shift 109
	CASE  shift 113
	IF  shift 111
	.  error

	boolean_expression  goto 291
	condition  goto 91
	value  goto 94
	value_expression  goto 164
	row_tuple  goto 96
	keyword_as_func  goto 99
	subquery  goto 107
	unary_operator  goto 97
	column_name  goto 95
	case_expression  goto 100
	sql_id  goto 98

state 247
	insert_statement:  INSERT comment_opt INTO dml_table_expression column_list_opt row_list.on_dup_opt 
	on_dup_opt: .    (175)

	ON  shift 293
	.  reduce 175 (src line 936)

	on_dup_opt  goto 292

state 248
	row_list:  VALUES.tuple_list 

	'('  shift 170
	.  error

	tuple_list  goto 294
	row_tuple  goto 295
	subquery  goto 107

state 249
	select_statement:  select_statement.union_op select_statement 
	row_list:  select_statement.    (178)

	UNION  shift 30
	MINUS  shift 31
	EXCEPT  shift 32
	INTERSECT  shift 33
	.  reduce 178 (src line 950)

	union_op  goto 29

state 250
	insert_statement:  INSERT comment_opt INTO dml_table_expression SET update_list.on_dup_opt 
	update_list:  update_list.',' update_expression 
	on_dup_opt: .    (175)

	','  shift 120
	ON  shift 293
	.  reduce 175 (src line 936)

	on_dup_opt  goto 296

state 251
	column_list_opt:  '(' column_list.')' 
	column_list:  column_list.',' column_name 

	','  shift 298
	')'  shift 297
	.  error


state 252
	column_list:  column_name.    (173)

	.  reduce 173 (src line 926)


state 253
	update_statement:  UPDATE comment_opt dml_table_expression SET update_list where_expression_opt.order_by_opt limit_opt 
	order_by_opt: .    (157)

	ORDER  shift 255
	.  reduce 157 (src line 845)

	order_by_opt  goto 299

state 254
	delete_statement:  DELETE comment_opt FROM dml_table_expression where_expression_opt order_by_opt.limit_opt 
	limit_opt: .    (165)

	LIMIT  shift 301
	.  reduce 165 (src line 883)

	limit_opt  goto 300

state 255
	order_by_opt:  ORDER.BY order_list 

	BY  shift 302
	.  error


state 256
	where_expression_opt:  WHERE boolean_expression.    (87)
	boolean_expression:  boolean_expression.AND boolean_expression 
	boolean_expression:  boolean_expression.OR boolean_expression 

	OR  shift 141
	AND  shift 140
	.  reduce 87 (src line 524)


state 257
	create_statement:  CREATE constraint_opt INDEX sql_id using_opt ON.ID force_eof 

	ID  shift 303
	.  error


state 258
	using_opt:  USING sql_id.    (202)

	.  reduce 202 (src line 1030)


state 259
	alter_statement:  ALTER ignore_opt TABLE ID non_rename_operation force_eof.    (25)

	.  reduce 25 (src line 237)


state 260
	alter_statement:  ALTER ignore_opt TABLE ID RENAME to_opt.ID 

	ID  shift 304
	.  error


state 261
	to_opt:  TO.    (198)

	.  reduce 198 (src line 1020)


state 262
	select_statement:  SELECT comment_opt distinct_opt select_expression_list FROM table_expression_list where_expression_opt.group_by_opt having_opt order_by_opt limit_opt lock_opt 
	group_by_opt: .    (153)

	GROUP  shift 306
	.  reduce 153 (src line 827)

	group_by_opt  goto 305

state 263
	table_expression_list:  table_expression_list ','.table_expression 

	ID  shift 207
	'('  shift 206
	.  error

	table_expression  goto 307
	simple_table_expression  goto 205
	subquery  goto 208

state 264
	table_expression:  table_expression join_type.table_expression 
	table_expression:  table_expression join_type.table_expression ON boolean_expression 

	ID  shift 207
	'('  shift 206
	.  error

	table_expression  goto 308
	simple_table_expression  goto 205
	subquery  goto 208

state 265
	join_type:  JOIN.    (66)

	.  reduce 66 (src line 431)


state 266
	join_type:  STRAIGHT_JOIN.    (67)

	.  reduce 67 (src line 436)


state 267
	join_type:  LEFT.JOIN 
	join_type:  LEFT.OUTER JOIN 

	JOIN  shift 309
	OUTER  shift 310
	.  error


state 268
	join_type:  RIGHT.JOIN 
	join_type:  RIGHT.OUTER JOIN 

	JOIN  shift 311
	OUTER  shift 312
	.  error


state 269
	join_type:  INNER.JOIN 

	JOIN  shift 313
	.  error


state 270
	join_type:  CROSS.JOIN 

	JOIN  shift 314
	.  error


state 271
	join_type:  NATURAL.JOIN 

	JOIN  shift 315
	.  error


state 272
	table_expression:  simple_table_expression as_opt.index_hint_list 
	index_hint_list: .    (80)

	USE  shift 317
	FORCE  shift 319
	IGNORE  shift 318
	.  reduce 80 (src line 493)

	index_hint_list  goto 316

state 273
	as_opt:  ID.    (64)

	.  reduce 64 (src line 422)


state 274
	as_opt:  AS.ID 

	ID  shift 320
	.  error


state 275
	table_expression:  '(' table_expression.')' 
	table_expression:  table_expression.join_type table_expression 
	table_expression:  table_expression.join_type table_expression ON boolean_expression 

	JOIN  shift 265
	STRAIGHT_JOIN  shift 266
	LEFT  shift 267
	RIGHT  shift 268
	INNER  shift 269
	CROSS  shift 270
	NATURAL  shift 271
	')'  shift 321
	.  error

	join_type  goto 264

state 276
	simple_table_expression:  ID '.'.ID 

	ID  shift 322
	.  error


state 277
	col_tuple:  '(' value_expression_list.')' 
	value_expression_list:  value_expression_list.',' value_expression 

	','  shift 236
	')'  shift 323
	.  error


state 278
	condition:  value_expression NOT IN col_tuple.    (95)

	.  reduce 95 (src line 557)


state 279
	condition:  value_expression NOT LIKE value_expression.    (97)
	value_expression:  value_expression.'&' value_expression 
	value_expression:  value_expression.'|' value_expression 
	value_expression:  value_expression.'^' value_expression 
	value_expression:  value_expression.'+' value_expression 
	value_expression:  value_expression.'-' value_expression 
	value_expression:  value_expression.'*' value_expression 
	value_expression:  value_expression.'/' value_expression 
	value_expression:  value_expression.'%' value_expression 

	'&'  shift 148
	'|'  shift 149
	'^'  shift 150
	'+'  shift 151
	'-'  shift 152
	'*'  shift 153
	'/'  shift 154
	'%'  shift 155
	.  reduce 97 (src line 565)


state 280
	condition:  value_expression NOT BETWEEN value_expression.AND value_expression 
	value_expression:  value_expression.'&' value_expression 
	value_expression:  value_expression.'|' value_expression 
	value_expression:  value_expression.'^' value_expression 
	value_expression:  value_expression.'+' value_expression 
	value_expression:  value_expression.'-' value_expression 
	value_expression:  value_expression.'*' value_expression 
	value_expression:  value_expression.'/' value_expression 
	value_expression:  value_expression.'%' value_expression 

	AND  shift 324
	'&'  shift 148
	'|'  shift 149
	'^'  shift 150
	'+'  shift 151
	'-'  shift 152
	'*'  shift 153
	'/'  shift 154
	'%'  shift 155
	.  error


state 281
	condition:  value_expression BETWEEN value_expression AND.value_expression 

	NULL  shift 106
	VALUES  shift 112
	ID  shift 70
	STRING  shift 103
	NUMBER  shift 104
	VALUE_ARG  shift 105
	'('  shift 170
	'~'  shift 110
	'+'  shift 108
	'-'  shift 109
	CASE  shift 113
	IF  shift 111
	.  error

	value  goto 94
	value_expression  goto 325
	row_tuple  goto 96
	keyword_as_func  goto 99
	subquery  goto 107
	unary_operator  goto 97
	column_name  goto 95
	case_expression  goto 100
	sql_id  goto 98

state 282
	condition:  value_expression IS NOT NULL.    (101)

	.  reduce 101 (src line 581)


state 283
	value_expression_list:  value_expression_list ',' value_expression.    (116)
	value_expression:  value_expression.'&' value_expression 
	value_expression:  value_expression.'|' value_expression 
	value_expression:  value_expression.'^' value_expression 
	value_expression:  value_expression.'+' value_expression 
	value_expression:  value_expression.'-' value_expression 
	value_expression:  value_expression.'*' value_expression 
	value_expression:  value_expression.'/' value_expression 
	value_expression:  value_expression.'%' value_expression 

	'&'  shift 148
	'|'  shift 149
	'^'  shift 150
	'+'  shift 151
	'-'  shift 152
	'*'  shift 153
	'/'  shift 154
	'%'  shift 155
	.  reduce 116 (src line 649)


state 284
	value_expression:  sql_id '(' select_expression_list ')'.    (130)

	.  reduce 130 (src line 718)


state 285
	select_expression_list:  select_expression_list.',' select_expression 
	value_expression:  sql_id '(' DISTINCT select_expression_list.')' 

	','  shift 135
	')'  shift 326
	.  error


state 286
	value_expression:  keyword_as_func '(' select_expression_list ')'.    (132)

	.  reduce 132 (src line 726)


state 287
	condition:  KEYRANGE '(' value ','.value ')' 

	NULL  shift 106
	STRING  shift 103
	NUMBER  shift 104
	VALUE_ARG  shift 105
	.  error

	value  goto 327

state 288
	case_expression:  CASE value_expression_opt when_expression_list else_expression_opt.END 

	END  shift 328
	.  error


state 289
	when_expression_list:  when_expression_list when_expression.    (143)

	.  reduce 143 (src line 779)


state 290
	else_expression_opt:  ELSE.value_expression 

	NULL  shift 106
	VALUES  shift 112
	ID  shift 70
	STRING  shift 103
	NUMBER  shift 104
	VALUE_ARG  shift 105
	'('  shift 170
	'~'  shift 110
	'+'  shift 108
	'-'  shift 109
	CASE  shift 113
	IF  shift 111
	.  error

	value  goto 94
	value_expression  goto 329
	row_tuple  goto 96
	keyword_as_func  goto 99
	subquery  goto 107
	unary_operator  goto 97
	column_name  goto 95
	case_expression  goto 100
	sql_id  goto 98

state 291
	boolean_expression:  boolean_expression.AND boolean_expression 
	boolean_expression:  boolean_expression.OR boolean_expression 
	when_expression:  WHEN boolean_expression.THEN value_expression 

	OR  shift 141
	AND  shift 140
	THEN  shift 330
	.  error


state 292
	insert_statement:  INSERT comment_opt INTO dml_table_expression column_list_opt row_list on_dup_opt.    (16)

	.  reduce 16 (src line 182)


state 293
	on_dup_opt:  ON.DUPLICATE KEY UPDATE update_list 

	DUPLICATE  shift 331
	.  error


state 294
	row_list:  VALUES tuple_list.    (177)
	tuple_list:  tuple_list.',' row_tuple 

	','  shift 332
	.  reduce 177 (src line 945)


state 295
	tuple_list:  row_tuple.    (179)

	.  reduce 179 (src line 955)


state 296
	insert_statement:  INSERT comment_opt INTO dml_table_expression SET update_list on_dup_opt.    (17)

	.  reduce 17 (src line 187)


state 297
	column_list_opt:  '(' column_list ')'.    (172)

	.  reduce 172 (src line 921)


state 298
	column_list:  column_list ','.column_name 

	ID  shift 70
	.  error

	column_name  goto 333
	sql_id  goto 69

state 299
	update_statement:  UPDATE comment_opt dml_table_expression SET update_list where_expression_opt order_by_opt.limit_opt 
	limit_opt: .    (165)

	LIMIT  shift 301
	.  reduce 165 (src line 883)

	limit_opt  goto 334

state 300
	delete_statement:  DELETE comment_opt FROM dml_table_expression where_expression_opt order_by_opt limit_opt.    (20)

	.  reduce 20 (src line 210)


state 301
	limit_opt:  LIMIT.value_expression 
	limit_opt:  LIMIT.value_expression ',' value_expression 

	NULL  shift 106
	VALUES  shift 112
	ID  shift 70
	STRING  shift 103
	NUMBER  shift 104
	VALUE_ARG  shift 105
	'('  shift 170
	'~'  shift 110
	'+'  shift 108
	'-'  shift 109
	CASE  shift 113
	IF  shift 111
	.  error

	value  goto 94
	value_expression  goto 335
	row_tuple  goto 96
	keyword_as_func  goto 99
	subquery  goto 107
	unary_operator  goto 97
	column_name  goto 95
	case_expression  goto 100
	sql_id  goto 98

state 302
	order_by_opt:  ORDER BY.order_list 

	NULL  shift 106
	VALUES  shift 112
	ID  shift 70
	STRING  shift 103
	NUMBER  shift 104
	VALUE_ARG  shift 105
	'('  shift 170
	'~'  shift 110
	'+'  shift 108
	'-'  shift 109
	CASE  shift 113
	IF  shift 111
	.  error

	value  goto 94
	value_expression  goto 338
	row_tuple  goto 96
	keyword_as_func  goto 99
	subquery  goto 107
	unary_operator  goto 97
	column_name  goto 95
	case_expression  goto 100
	order_list  goto 336
	order  goto 337
	sql_id  goto 98

state 303
	create_statement:  CREATE constraint_opt INDEX sql_id using_opt ON ID.force_eof 
	force_eof: .    (204)

	.  reduce 204 (src line 1039)

	force_eof  goto 339

state 304
	alter_statement:  ALTER ignore_opt TABLE ID RENAME to_opt ID.    (26)

	.  reduce 26 (src line 242)


state 305
	select_statement:  SELECT comment_opt distinct_opt select_expression_list FROM table_expression_list where_expression_opt group_by_opt.having_opt order_by_opt limit_opt lock_opt 
	having_opt: .    (155)

	HAVING  shift 341
	.  reduce 155 (src line 836)

	having_opt  goto 340

state 306
	group_by_opt:  GROUP.BY value_expression_list 

	BY  shift 342
	.  error


state 307
	table_expression_list:  table_expression_list ',' table_expression.    (58)
	table_expression:  table_expression.join_type table_expression 
	table_expression:  table_expression.join_type table_expression ON boolean_expression 

	JOIN  shift 265
	STRAIGHT_JOIN  shift 266
	LEFT  shift 267
	RIGHT  shift 268
	INNER  shift 269
	CROSS  shift 270
	NATURAL  shift 271
	.  reduce 58 (src line 395)

	join_type  goto 264

state 308
	table_expression:  table_expression.join_type table_expression 
	table_expression:  table_expression join_type table_expression.    (61)
	table_expression:  table_expression.join_type table_expression ON boolean_expression 
	table_expression:  table_expression join_type table_expression.ON boolean_expression 

	ON  shift 343
	.  reduce 61 (src line 409)

	join_type  goto 264

state 309
	join_type:  LEFT JOIN.    (68)

	.  reduce 68 (src line 440)


state 310
	join_type:  LEFT OUTER.JOIN 

	JOIN  shift 344
	.  error


state 311
	join_type:  RIGHT JOIN.    (70)

	.  reduce 70 (src line 448)


state 312
	join_type:  RIGHT OUTER.JOIN 

	JOIN  shift 345
	.  error


state 313
	join_type:  INNER JOIN.    (72)

	.  reduce 72 (src line 456)


state 314
	join_type:  CROSS JOIN.    (73)

	.  reduce 73 (src line 460)


state 315
	join_type:  NATURAL JOIN.    (74)

	.  reduce 74 (src line 464)


state 316
	table_expression:  simple_table_expression as_opt index_hint_list.    (59)

	.  reduce 59 (src line 400)


state 317
	index_hint_list:  USE.INDEX '(' index_list ')' 

	INDEX  shift 346
	.  error


state 318
	index_hint_list:  IGNORE.INDEX '(' index_list ')' 

	INDEX  shift 347
	.  error


state 319
	index_hint_list:  FORCE.INDEX '(' index_list ')' 

	INDEX  shift 348
	.  error


state 320
	as_opt:  AS ID.    (65)

	.  reduce 65 (src line 426)


state 321
	table_expression:  '(' table_expression ')'.    (60)

	.  reduce 60 (src line 405)


state 322
	simple_table_expression:  ID '.' ID.    (76)

	.  reduce 76 (src line 474)


state 323
	col_tuple:  '(' value_expression_list ')'.    (111)

	.  reduce 111 (src line 624)


state 324
	condition:  value_expression NOT BETWEEN value_expression AND.value_expression 

	NULL  shift 106
	VALUES  shift 112
	ID  shift 70
	STRING  shift 103
	NUMBER  shift 104
	VALUE_ARG  shift 105
	'('  shift 170
	'~'  shift 110
	'+'  shift 108
	'-'  shift 109
	CASE  shift 113
	IF  shift 111
	.  error

	value  goto 94
	value_expression  goto 349
	row_tuple  goto 96
	keyword_as_func  goto 99
	subquery  goto 107
	unary_operator  goto 97
	column_name  goto 95
	case_expression  goto 100
	sql_id  goto 98

state 325
	condition:  value_expression BETWEEN value_expression AND value_expression.    (98)
	value_expression:  value_expression.'&' value_expression 
	value_expression:  value_expression.'|' value_expression 
	value_expression:  value_expression.'^' value_expression 
	value_expression:  value_expression.'+' value_expression 
	value_expression:  value_expression.'-' value_expression 
	value_expression:  value_expression.'*' value_expression 
	value_expression:  value_expression.'/' value_expression 
	value_expression:  value_expression.'%' value_expression 

	'&'  shift 148
	'|'  shift 149
	'^'  shift 150
	'+'  shift 151
	'-'  shift 152
	'*'  shift 153
	'/'  shift 154
	'%'  shift 155
	.  reduce 98 (src line 569)


state 326
	value_expression:  sql_id '(' DISTINCT select_expression_list ')'.    (131)

	.  reduce 131 (src line 722)


state 327
	condition:  KEYRANGE '(' value ',' value.')' 

	')'  shift 350
	.  error


state 328
	case_expression:  CASE value_expression_opt when_expression_list else_expression_opt END.    (139)

	.  reduce 139 (src line 759)


state 329
	value_expression:  value_expression.'&' value_expression 
	value_expression:  value_expression.'|' value_expression 
	value_expression:  value_expression.'^' value_expression 
	value_expression:  value_expression.'+' value_expression 
	value_expression:  value_expression.'-' value_expression 
	value_expression:  value_expression.'*' value_expression 
	value_expression:  value_expression.'/' value_expression 
	value_expression:  value_expression.'%' value_expression 
	else_expression_opt:  ELSE value_expression.    (146)

	'&'  shift 148
	'|'  shift 149
	'^'  shift 150
	'+'  shift 151
	'-'  shift 152
	'*'  shift 153
	'/'  shift 154
	'%'  shift 155
	.  reduce 146 (src line 794)


state 330
	when_expression:  WHEN boolean_expression THEN.value_expression 

	NULL  shift 106
	VALUES  shift 112
	ID  shift 70
	STRING  shift 103
	NUMBER  shift 104
	VALUE_ARG  shift 105
	'('  shift 170
	'~'  shift 110
	'+'  shift 108
	'-'  shift 109
	CASE  shift 113
	IF  shift 111
	.  error

	value  goto 94
	value_expression  goto 351
	row_tuple  goto 96
	keyword_as_func  goto 99
	subquery  goto 107
	unary_operator  goto 97
	column_name  goto 95
	case_expression  goto 100
	sql_id  goto 98

state 331
	on_dup_opt:  ON DUPLICATE.KEY UPDATE update_list 

	KEY  shift 352
	.  error


state 332
	tuple_list:  tuple_list ','.row_tuple 

	'('  shift 170
	.  error

	row_tuple  goto 353
	subquery  goto 107

state 333
	column_list:  column_list ',' column_name.    (174)

	.  reduce 174 (src line 931)


state 334
	update_statement:  UPDATE comment_opt dml_table_expression SET update_list where_expression_opt order_by_opt limit_opt.    (18)

	.  reduce 18 (src line 198)


state 335
	value_expression:  value_expression.'&' value_expression 
	value_expression:  value_expression.'|' value_expression 
	value_expression:  value_expression.'^' value_expression 
	value_expression:  value_expression.'+' value_expression 
	value_expression:  value_expression.'-' value_expression 
	value_expression:  value_expression.'*' value_expression 
	value_expression:  value_expression.'/' value_expression 
	value_expression:  value_expression.'%' value_expression 
	limit_opt:  LIMIT value_expression.    (166)
	limit_opt:  LIMIT value_expression.',' value_expression 

	','  shift 354
	'&'  shift 148
	'|'  shift 149
	'^'  shift 150
	'+'  shift 151
	'-'  shift 152
	'*'  shift 153
	'/'  shift 154
	'%'  shift 155
	.  reduce 166 (src line 887)


state 336
	order_by_opt:  ORDER BY order_list.    (158)
	order_list:  order_list.',' order 

	','  shift 355
	.  reduce 158 (src line 849)


state 337
	order_list:  order.    (159)

	.  reduce 159 (src line 854)


state 338
	value_expression:  value_expression.'&' value_expression 
	value_expression:  value_expression.'|' value_expression 
	value_expression:  value_expression.'^' value_expression 
	value_expression:  value_expression.'+' value_expression 
	value_expression:  value_expression.'-' value_expression 
	value_expression:  value_expression.'*' value_expression 
	value_expression:  value_expression.'/' value_expression 
	value_expression:  value_expression.'%' value_expression 
	order:  value_expression.asc_desc_opt 
	asc_desc_opt: .    (162)

	ASC  shift 357
	DESC  shift 358
	'&'  shift 148
	'|'  shift 149
	'^'  shift 150
	'+'  shift 151
	'-'  shift 152
	'*'  shift 153
	'/'  shift 154
	'%'  shift 155
	.  reduce 162 (src line 870)

	asc_desc_opt  goto 356

state 339
	create_statement:  CREATE constraint_opt INDEX sql_id using_opt ON ID force_eof.    (23)

	.  reduce 23 (src line 227)


state 340
	select_statement:  SELECT comment_opt distinct_opt select_expression_list FROM table_expression_list where_expression_opt group_by_opt having_opt.order_by_opt limit_opt lock_opt 
	order_by_opt: .    (157)

	ORDER  shift 255
	.  reduce 157 (src line 845)

	order_by_opt  goto 359

state 341
	having_opt:  HAVING.boolean_expression 

	EXISTS  shift 101
	NULL  shift 106
	VALUES  shift 112
	KEYRANGE  shift 102
	ID  shift 70
	STRING  shift 103
	NUMBER  shift 104
	VALUE_ARG  shift 105
	'('  shift 93
	'~'  shift 110
	NOT  shift 92
	'+'  shift 108
	'-'  shift 109
	CASE  shift 113
	IF  shift 111
	.  error

	boolean_expression  goto 360
	condition  goto 91
	value  goto 94
	value_expression  goto 164
	row_tuple  goto 96
	keyword_as_func  goto 99
	subquery  goto 107
	unary_operator  goto 97
	column_name  goto 95
	case_expression  goto 100
	sql_id  goto 98

state 342
	group_by_opt:  GROUP BY.value_expression_list 

	NULL  shift 106
	VALUES  shift 112
	ID  shift 70
	STRING  shift 103
	NUMBER  shift 104
	VALUE_ARG  shift 105
	'('  shift 170
	'~'  shift 110
	'+'  shift 108
	'-'  shift 109
	CASE  shift 113
	IF  shift 111
	.  error

	value  goto 94
	value_expression  goto 238
	value_expression_list  goto 361
	row_tuple  goto 96
	keyword_as_func  goto 99
	subquery  goto 107
	unary_operator  goto 97
	column_name  goto 95
	case_expression  goto 100
	sql_id  goto 98

state 343
	table_expression:  table_expression join_type table_expression ON.boolean_expression 

	EXISTS  shift 101
	NULL  shift 106
	VALUES  shift 112
	KEYRANGE  shift 102
	ID  shift 70
	STRING  shift 103
	NUMBER  shift 104
	VALUE_ARG  shift 105
	'('  shift 93
	'~'  shift 110
	NOT  shift 92
	'+'  shift 108
	'-'  shift 109
	CASE  shift 113
	IF  shift 111
	.  error

	boolean_expression  goto 362
	condition  goto 91
	value  goto 94
	value_expression  goto 164
	row_tuple  goto 96
	keyword_as_func  goto 99
	subquery  goto 107
	unary_operator  goto 97
	column_name  goto 95
	case_expression  goto 100
	sql_id  goto 98

state 344
	join_type:  LEFT OUTER JOIN.    (69)

	.  reduce 69 (src line 444)


state 345
	join_type:  RIGHT OUTER JOIN.    (71)

	.  reduce 71 (src line 452)


state 346
	index_hint_list:  USE INDEX.'(' index_list ')' 

	'('  shift 363
	.  error


state 347
	index_hint_list:  IGNORE INDEX.'(' index_list ')' 

	'('  shift 364
	.  error


state 348
	index_hint_list:  FORCE INDEX.'(' index_list ')' 

	'('  shift 365
	.  error


state 349
	condition:  value_expression NOT BETWEEN value_expression AND value_expression.    (99)
	value_expression:  value_expression.'&' value_expression 
	value_expression:  value_expression.'|' value_expression 
	value_expression:  value_expression.'^' value_expression 
	value_expression:  value_expression.'+' value_expression 
	value_expression:  value_expression.'-' value_expression 
	value_expression:  value_expression.'*' value_expression 
	value_expression:  value_expression.'/' value_expression 
	value_expression:  value_expression.'%' value_expression 

	'&'  shift 148
	'|'  shift 149
	'^'  shift 150
	'+'  shift 151
	'-'  shift 152
	'*'  shift 153
	'/'  shift 154
	'%'  shift 155
	.  reduce 99 (src line 573)


state 350
	condition:  KEYRANGE '(' value ',' value ')'.    (103)

	.  reduce 103 (src line 589)


state 351
	value_expression:  value_expression.'&' value_expression 
	value_expression:  value_expression.'|' value_expression 
	value_expression:  value_expression.'^' value_expression 
	value_expression:  value_expression.'+' value_expression 
	value_expression:  value_expression.'-' value_expression 
	value_expression:  value_expression.'*' value_expression 
	value_expression:  value_expression.'/' value_expression 
	value_expression:  value_expression.'%' value_expression 
	when_expression:  WHEN boolean_expression THEN value_expression.    (144)

	'&'  shift 148
	'|'  shift 149
	'^'  shift 150
	'+'  shift 151
	'-'  shift 152
	'*'  shift 153
	'/'  shift 154
	'%'  shift 155
	.  reduce 144 (src line 784)


state 352
	on_dup_opt:  ON DUPLICATE KEY.UPDATE update_list 

	UPDATE  shift 366
	.  error


state 353
	tuple_list:  tuple_list ',' row_tuple.    (180)

	.  reduce 180 (src line 960)


state 354
	limit_opt:  LIMIT value_expression ','.value_expression 

	NULL  shift 106
	VALUES  shift 112
	ID  shift 70
	STRING  shift 103
	NUMBER  shift 104
	VALUE_ARG  shift 105
	'('  shift 170
	'~'  shift 110
	'+'  shift 108
	'-'  shift 109
	CASE  shift 113
	IF  shift 111
	.  error

	value  goto 94
	value_expression  goto 367
	row_tuple  goto 96
	keyword_as_func  goto 99
	subquery  goto 107
	unary_operator  goto 97
	column_name  goto 95
	case_expression  goto 100
	sql_id  goto 98

state 355
	order_list:  order_list ','.order 

	NULL  shift 106
	VALUES  shift 112
	ID  shift 70
	STRING  shift 103
	NUMBER  shift 104
	VALUE_ARG  shift 105
	'('  shift 170
	'~'  shift 110
	'+'  shift 108
	'-'  shift 109
	CASE  shift 113
	IF  shift 111
	.  error

	value  goto 94
	value_expression  goto 338
	row_tuple  goto 96
	keyword_as_func  goto 99
	subquery  goto 107
	unary_operator  goto 97
	column_name  goto 95
	case_expression  goto 100
	order  goto 368
	sql_id  goto 98

state 356
	order:  value_expression asc_desc_opt.    (161)

	.  reduce 161 (src line 864)


state 357
	asc_desc_opt:  ASC.    (163)

	.  reduce 163 (src line 874)


state 358
	asc_desc_opt:  DESC.    (164)

	.  reduce 164 (src line 878)


state 359
	select_statement:  SELECT comment_opt distinct_opt select_expression_list FROM table_expression_list where_expression_opt group_by_opt having_opt order_by_opt.limit_opt lock_opt 
	limit_opt: .    (165)

	LIMIT  shift 301
	.  reduce 165 (src line 883)

	limit_opt  goto 369

state 360
	boolean_expression:  boolean_expression.AND boolean_expression 
	boolean_expression:  boolean_expression.OR boolean_expression 
	having_opt:  HAVING boolean_expression.    (156)

	OR  shift 141
	AND  shift 140
	.  reduce 156 (src line 840)


state 361
	value_expression_list:  value_expression_list.',' value_expression 
	group_by_opt:  GROUP BY value_expression_list.    (154)

	','  shift 236
	.  reduce 154 (src line 831)


state 362
	table_expression:  table_expression join_type table_expression ON boolean_expression.    (62)
	boolean_expression:  boolean_expression.AND boolean_expression 
	boolean_expression:  boolean_expression.OR boolean_expression 

	OR  shift 141
	AND  shift 140
	.  reduce 62 (src line 413)


state 363
	index_hint_list:  USE INDEX '('.index_list ')' 

	ID  shift 75
	.  error

	index_list  goto 370
	sql_id  goto 371

state 364
	index_hint_list:  IGNORE INDEX '('.index_list ')' 

	ID  shift 75
	.  error

	index_list  goto 372
	sql_id  goto 371

state 365
	index_hint_list:  FORCE INDEX '('.index_list ')' 

	ID  shift 75
	.  error

	index_list  goto 373
	sql_id  goto 371

state 366
	on_dup_opt:  ON DUPLICATE KEY UPDATE.update_list 

	ID  shift 70
	.  error

	column_name  goto 68
	update_list  goto 374
	update_expression  goto 67
	sql_id  goto 69

state 367
	value_expression:  value_expression.'&' value_expression 
	value_expression:  value_expression.'|' value_expression 
	value_expression:  value_expression.'^' value_expression 
	value_expression:  value_expression.'+' value_expression 
	value_expression:  value_expression.'-' value_expression 
	value_expression:  value_expression.'*' value_expression 
	value_expression:  value_expression.'/' value_expression 
	value_expression:  value_expression.'%' value_expression 
	limit_opt:  LIMIT value_expression ',' value_expression.    (167)

	'&'  shift 148
	'|'  shift 149
	'^'  shift 150
	'+'  shift 151
	'-'  shift 152
	'*'  shift 153
	'/'  shift 154
	'%'  shift 155
	.  reduce 167 (src line 891)


state 368
	order_list:  order_list ',' order.    (160)

	.  reduce 160 (src line 859)


state 369
	select_statement:  SELECT comment_opt distinct_opt select_expression_list FROM table_expression_list where_expression_opt group_by_opt having_opt order_by_opt limit_opt.lock_opt 
	lock_opt: .    (168)

	FOR  shift 376
	LOCK  shift 377
	.  reduce 168 (src line 896)

	lock_opt  goto 375

state 370
	index_hint_list:  USE INDEX '(' index_list.')' 
	index_list:  index_list.',' sql_id 

	','  shift 379
	')'  shift 378
	.  error


state 371
	index_list:  sql_id.    (84)

	.  reduce 84 (src line 510)


state 372
	index_hint_list:  IGNORE INDEX '(' index_list.')' 
	index_list:  index_list.',' sql_id 

	','  shift 379
	')'  shift 380
	.  error


state 373
	index_hint_list:  FORCE INDEX '(' index_list.')' 
	index_list:  index_list.',' sql_id 

	','  shift 379
	')'  shift 381
	.  error


state 374
	on_dup_opt:  ON DUPLICATE KEY UPDATE update_list.    (176)
	update_list:  update_list.',' update_expression 

	','  shift 120
	.  reduce 176 (src line 940)


state 375
	select_statement:  SELECT comment_opt distinct_opt select_expression_list FROM table_expression_list where_expression_opt group_by_opt having_opt order_by_opt limit_opt lock_opt.    (14)

	.  reduce 14 (src line 172)


state 376
	lock_opt:  FOR.UPDATE 

	UPDATE  shift 382
	.  error


state 377
	lock_opt:  LOCK.IN sql_id sql_id 

	IN  shift 383
	.  error


state 378
	index_hint_list:  USE INDEX '(' index_list ')'.    (81)

	.  reduce 81 (src line 497)


state 379
	index_list:  index_list ','.sql_id 

	ID  shift 75
	.  error

	sql_id  goto 384

state 380
	index_hint_list:  IGNORE INDEX '(' index_list ')'.    (82)

	.  reduce 82 (src line 501)


state 381
	index_hint_list:  FORCE INDEX '(' index_list ')'.    (83)

	.  reduce 83 (src line 505)


state 382
	lock_opt:  FOR UPDATE.    (169)

	.  reduce 169 (src line 900)


state 383
	lock_opt:  LOCK IN.sql_id sql_id 

	ID  shift 75
	.  error

	sql_id  goto 385

state 384
	index_list:  index_list ',' sql_id.    (85)

	.  reduce 85 (src line 515)


state 385
	lock_opt:  LOCK IN sql_id.sql_id 

	ID  shift 75
	.  error

	sql_id  goto 386

state 386
	lock_opt:  LOCK IN sql_id sql_id.    (170)

	.  reduce 170 (src line 904)


102 terminals, 74 nonterminals
205 grammar rules, 387/2000 states
0 shift/reduce, 0 reduce/reduce conflicts reported
123 working sets used
memory: parser 777/30000
403 extra closures
1019 shift entries, 1 exceptions
204 goto entries
376 entries saved by goto default
Optimizer space used: output 615/30000
615 table entries, 43 zero
maximum spread: 102, maximum offset: 385
